2025-03-14 00:38:19.037+0000 INFO  CREATE USER neo4j PASSWORD ****** CHANGE NOT REQUIRED
2025-03-14 00:38:19.084+0000 INFO  CREATE ROLE admin
2025-03-14 00:38:19.084+0000 INFO  GRANT TRANSACTION MANAGEMENT ON DATABASE * TO admin
2025-03-14 00:38:19.085+0000 INFO  GRANT START ON DATABASE * TO admin
2025-03-14 00:38:19.085+0000 INFO  GRANT STOP ON DATABASE * TO admin
2025-03-14 00:38:19.085+0000 INFO  GRANT ALL ON DBMS TO admin
2025-03-14 00:38:19.085+0000 INFO  GRANT CONSTRAINT MANAGEMENT ON DATABASE * TO admin
2025-03-14 00:38:19.086+0000 INFO  GRANT INDEX MANAGEMENT ON DATABASE * TO admin
2025-03-14 00:38:19.086+0000 INFO  GRANT NAME MANAGEMENT ON DATABASE * TO admin
2025-03-14 00:38:19.086+0000 INFO  GRANT WRITE ON GRAPH * TO admin
2025-03-14 00:38:19.086+0000 INFO  GRANT MATCH {*} ON GRAPH * TO admin
2025-03-14 00:38:19.086+0000 INFO  GRANT ACCESS ON DATABASE * TO admin
2025-03-14 00:38:19.086+0000 INFO  GRANT SHOW INDEX ON DATABASE * TO admin
2025-03-14 00:38:19.086+0000 INFO  GRANT SHOW CONSTRAINTS ON DATABASE * TO admin
2025-03-14 00:38:19.087+0000 INFO  CREATE ROLE architect
2025-03-14 00:38:19.087+0000 INFO  GRANT CONSTRAINT MANAGEMENT ON DATABASE * TO architect
2025-03-14 00:38:19.087+0000 INFO  GRANT INDEX MANAGEMENT ON DATABASE * TO architect
2025-03-14 00:38:19.087+0000 INFO  GRANT NAME MANAGEMENT ON DATABASE * TO architect
2025-03-14 00:38:19.087+0000 INFO  GRANT WRITE ON GRAPH * TO architect
2025-03-14 00:38:19.088+0000 INFO  GRANT MATCH {*} ON GRAPH * TO architect
2025-03-14 00:38:19.088+0000 INFO  GRANT ACCESS ON DATABASE * TO architect
2025-03-14 00:38:19.088+0000 INFO  GRANT SHOW INDEX ON DATABASE * TO architect
2025-03-14 00:38:19.088+0000 INFO  GRANT SHOW CONSTRAINTS ON DATABASE * TO architect
2025-03-14 00:38:19.088+0000 INFO  CREATE ROLE publisher
2025-03-14 00:38:19.088+0000 INFO  GRANT NAME MANAGEMENT ON DATABASE * TO publisher
2025-03-14 00:38:19.088+0000 INFO  GRANT WRITE ON GRAPH * TO publisher
2025-03-14 00:38:19.089+0000 INFO  GRANT MATCH {*} ON GRAPH * TO publisher
2025-03-14 00:38:19.089+0000 INFO  GRANT ACCESS ON DATABASE * TO publisher
2025-03-14 00:38:19.089+0000 INFO  GRANT SHOW INDEX ON DATABASE * TO publisher
2025-03-14 00:38:19.089+0000 INFO  GRANT SHOW CONSTRAINTS ON DATABASE * TO publisher
2025-03-14 00:38:19.089+0000 INFO  CREATE ROLE editor
2025-03-14 00:38:19.089+0000 INFO  GRANT WRITE ON GRAPH * TO editor
2025-03-14 00:38:19.089+0000 INFO  GRANT MATCH {*} ON GRAPH * TO editor
2025-03-14 00:38:19.089+0000 INFO  GRANT ACCESS ON DATABASE * TO editor
2025-03-14 00:38:19.090+0000 INFO  GRANT SHOW INDEX ON DATABASE * TO editor
2025-03-14 00:38:19.090+0000 INFO  GRANT SHOW CONSTRAINTS ON DATABASE * TO editor
2025-03-14 00:38:19.090+0000 INFO  CREATE ROLE reader
2025-03-14 00:38:19.090+0000 INFO  GRANT MATCH {*} ON GRAPH * TO reader
2025-03-14 00:38:19.090+0000 INFO  GRANT ACCESS ON DATABASE * TO reader
2025-03-14 00:38:19.090+0000 INFO  GRANT SHOW INDEX ON DATABASE * TO reader
2025-03-14 00:38:19.090+0000 INFO  GRANT SHOW CONSTRAINTS ON DATABASE * TO reader
2025-03-14 00:38:19.091+0000 INFO  CREATE ROLE PUBLIC
2025-03-14 00:38:19.091+0000 INFO  GRANT ACCESS ON HOME DATABASE TO PUBLIC
2025-03-14 00:38:19.091+0000 INFO  GRANT EXECUTE PROCEDURE * ON DBMS TO PUBLIC
2025-03-14 00:38:19.091+0000 INFO  GRANT EXECUTE FUNCTION * ON DBMS TO PUBLIC
2025-03-14 00:38:19.091+0000 INFO  GRANT ROLE admin TO neo4j
2025-03-14 00:39:19.252+0000 INFO  [neo4j]: logged in
2025-03-14 00:39:19.278+0000 INFO  [neo4j]: logged in
2025-03-14 00:39:19.959+0000 INFO  [neo4j]: logged in
2025-03-14 00:39:21.012+0000 INFO  [neo4j]: logged in
2025-03-14 00:39:21.029+0000 INFO  [neo4j]: logged in
2025-03-14 00:39:21.043+0000 INFO  [neo4j]: logged in
2025-03-14 00:39:53.074+0000 INFO  [neo4j]: logged in
2025-03-14 00:39:53.091+0000 INFO  [neo4j]: logged in
2025-03-14 00:39:53.119+0000 INFO  [neo4j]: logged in
2025-03-14 00:39:54.082+0000 INFO  [neo4j]: logged in
2025-03-14 00:39:54.097+0000 INFO  [neo4j]: logged in
2025-03-14 00:39:54.108+0000 INFO  [neo4j]: logged in
2025-03-14 00:39:55.158+0000 INFO  [neo4j]: logged in
2025-03-14 00:39:55.173+0000 INFO  [neo4j]: logged in
2025-03-14 00:39:55.184+0000 INFO  [neo4j]: logged in
2025-03-14 00:39:56.313+0000 INFO  [neo4j]: logged in
2025-03-14 00:39:56.328+0000 INFO  [neo4j]: logged in
2025-03-14 00:39:57.383+0000 INFO  [neo4j]: logged in
2025-03-14 00:39:57.398+0000 INFO  [neo4j]: logged in
2025-03-14 00:39:57.410+0000 INFO  [neo4j]: logged in
2025-03-14 00:39:58.450+0000 INFO  [neo4j]: logged in
2025-03-14 00:39:58.466+0000 INFO  [neo4j]: logged in
2025-03-14 00:39:58.476+0000 INFO  [neo4j]: logged in
2025-03-14 00:40:00.600+0000 INFO  [neo4j]: logged in
2025-03-14 00:40:00.634+0000 INFO  [neo4j]: logged in
2025-03-14 00:40:00.646+0000 INFO  [neo4j]: logged in
2025-03-14 00:40:02.482+0000 INFO  [neo4j]: logged in
2025-03-14 00:40:02.497+0000 INFO  [neo4j]: logged in
2025-03-14 00:40:02.508+0000 INFO  [neo4j]: logged in
2025-03-14 00:40:03.937+0000 INFO  [neo4j]: logged in
2025-03-14 00:40:03.952+0000 INFO  [neo4j]: logged in
2025-03-14 00:40:03.971+0000 INFO  [neo4j]: logged in
2025-03-14 00:40:05.382+0000 INFO  [neo4j]: logged in
2025-03-14 00:40:05.398+0000 INFO  [neo4j]: logged in
2025-03-14 00:40:06.491+0000 INFO  [neo4j]: logged in
2025-03-14 00:40:06.507+0000 INFO  [neo4j]: logged in
2025-03-14 00:40:06.520+0000 INFO  [neo4j]: logged in
2025-03-14 00:40:07.655+0000 INFO  [neo4j]: logged in
2025-03-14 00:40:07.670+0000 INFO  [neo4j]: logged in
2025-03-14 00:40:07.681+0000 INFO  [neo4j]: logged in
2025-03-14 00:42:18.249+0000 ERROR [neo4j]: failed to log in: invalid principal or credentials
2025-03-14 00:42:18.266+0000 ERROR [neo4j]: failed to log in: invalid principal or credentials
2025-03-14 00:42:18.280+0000 ERROR [neo4j]: failed to log in: invalid principal or credentials
