2025-04-16 11:08:13,866 - __main__ - INFO - Starting API server on localhost:8000
2025-04-16 11:08:13,866 - __main__ - INFO - Auto-reload: True
INFO:     Will watch for changes in these directories: ['/Users/surendra/Desktop/Carbon EF']
INFO:     Uvicorn running on http://localhost:8000 (Press CTRL+C to quit)
INFO:     Started reloader process [27908] using StatReload
2025-04-16 11:08:28,682 - numexpr.utils - INFO - Note: NumExpr detected 11 cores but "NUMEXPR_MAX_THREADS" not set, so enforcing safe limit of 8.
2025-04-16 11:08:28,682 - numexpr.utils - INFO - NumExpr defaulting to 8 threads.
Process SpawnProcess-1:
Traceback (most recent call last):
  File "/opt/anaconda3/lib/python3.11/multiprocessing/process.py", line 314, in _bootstrap
    self.run()
  File "/opt/anaconda3/lib/python3.11/multiprocessing/process.py", line 108, in run
    self._target(*self._args, **self._kwargs)
  File "/opt/anaconda3/lib/python3.11/site-packages/uvicorn/_subprocess.py", line 80, in subprocess_started
    target(sockets=sockets)
  File "/opt/anaconda3/lib/python3.11/site-packages/uvicorn/server.py", line 66, in run
    return asyncio.run(self.serve(sockets=sockets))
           ^^^^^^^^^^^^^^^^^^^^^^^^^^^^^^^^^^^^^^^^
  File "/opt/anaconda3/lib/python3.11/asyncio/runners.py", line 190, in run
    return runner.run(main)
           ^^^^^^^^^^^^^^^^
  File "/opt/anaconda3/lib/python3.11/asyncio/runners.py", line 118, in run
    return self._loop.run_until_complete(task)
           ^^^^^^^^^^^^^^^^^^^^^^^^^^^^^^^^^^^
  File "/opt/anaconda3/lib/python3.11/asyncio/base_events.py", line 653, in run_until_complete
    return future.result()
           ^^^^^^^^^^^^^^^
  File "/opt/anaconda3/lib/python3.11/site-packages/uvicorn/server.py", line 70, in serve
    await self._serve(sockets)
  File "/opt/anaconda3/lib/python3.11/site-packages/uvicorn/server.py", line 77, in _serve
    config.load()
  File "/opt/anaconda3/lib/python3.11/site-packages/uvicorn/config.py", line 435, in load
    self.loaded_app = import_from_string(self.app)
                      ^^^^^^^^^^^^^^^^^^^^^^^^^^^^
  File "/opt/anaconda3/lib/python3.11/site-packages/uvicorn/importer.py", line 19, in import_from_string
    module = importlib.import_module(module_str)
             ^^^^^^^^^^^^^^^^^^^^^^^^^^^^^^^^^^^
  File "/opt/anaconda3/lib/python3.11/importlib/__init__.py", line 126, in import_module
    return _bootstrap._gcd_import(name[level:], package, level)
           ^^^^^^^^^^^^^^^^^^^^^^^^^^^^^^^^^^^^^^^^^^^^^^^^^^^^
  File "<frozen importlib._bootstrap>", line 1204, in _gcd_import
  File "<frozen importlib._bootstrap>", line 1176, in _find_and_load
  File "<frozen importlib._bootstrap>", line 1147, in _find_and_load_unlocked
  File "<frozen importlib._bootstrap>", line 690, in _load_unlocked
  File "<frozen importlib._bootstrap_external>", line 940, in exec_module
  File "<frozen importlib._bootstrap>", line 241, in _call_with_frames_removed
  File "/Users/surendra/Desktop/Carbon EF/src/api/app.py", line 8, in <module>
    from src.agent import AgentFramework
  File "/Users/surendra/Desktop/Carbon EF/src/agent/__init__.py", line 1, in <module>
    from .agent_framework import AgentFramework
  File "/Users/surendra/Desktop/Carbon EF/src/agent/agent_framework.py", line 7, in <module>
    from src.cache import SemanticCache
  File "/Users/surendra/Desktop/Carbon EF/src/cache/__init__.py", line 1, in <module>
    from .redis_cache import RedisCache
  File "/Users/surendra/Desktop/Carbon EF/src/cache/redis_cache.py", line 11, in <module>
    from src.vector_store import EmbeddingGenerator
  File "/Users/surendra/Desktop/Carbon EF/src/vector_store/__init__.py", line 1, in <module>
    from .embedding_generator import EmbeddingGenerator
  File "/Users/surendra/Desktop/Carbon EF/src/vector_store/embedding_generator.py", line 5, in <module>
    from sentence_transformers import SentenceTransformer
  File "/opt/anaconda3/lib/python3.11/site-packages/sentence_transformers/__init__.py", line 3, in <module>
    from .datasets import SentencesDataset, ParallelSentencesDataset
  File "/opt/anaconda3/lib/python3.11/site-packages/sentence_transformers/datasets/__init__.py", line 3, in <module>
    from .ParallelSentencesDataset import ParallelSentencesDataset
  File "/opt/anaconda3/lib/python3.11/site-packages/sentence_transformers/datasets/ParallelSentencesDataset.py", line 4, in <module>
    from .. import SentenceTransformer
  File "/opt/anaconda3/lib/python3.11/site-packages/sentence_transformers/SentenceTransformer.py", line 12, in <module>
    from huggingface_hub import HfApi, HfFolder, Repository, hf_hub_url, cached_download
ImportError: cannot import name 'cached_download' from 'huggingface_hub' (/opt/anaconda3/lib/python3.11/site-packages/huggingface_hub/__init__.py)
INFO:     Stopping reloader process [27908]
